# JRE version: OpenJDK Runtime Environment Temurin-17.0.4.1+1 (17.0.4.1+1) (build 17.0.4.1+1)
# Java VM: OpenJDK 64-Bit Server VM Temurin-17.0.4.1+1 (17.0.4.1+1, mixed mode, tiered, compressed oops, compressed class ptrs, parallel gc, windows-amd64)
GC Precious Log:
 CPUs: 12 total, 12 available
 Memory: 16024M
 Large Page Support: Disabled
 NUMA Support: Disabled
 Compressed Oops: Enabled (32-bit)
 Alignments: Space 512K, Generation 512K, Heap 2M
 Heap Min Capacity: 100M
 Heap Initial Capacity: 100M
 Heap Max Capacity: 1G
 Pre-touch: Disabled
 Parallel Workers: 10
Heap:
 PSYoungGen      total 43008K, used 8584K [0x00000000eab00000, 0x00000000edf80000, 0x0000000100000000)
  eden space 37376K, 18% used [0x00000000eab00000,0x00000000eb1abc30,0x00000000ecf80000)
  from space 5632K, 31% used [0x00000000ed580000,0x00000000ed736410,0x00000000edb00000)
  to   space 2560K, 0% used [0x00000000edd00000,0x00000000edd00000,0x00000000edf80000)
 ParOldGen       total 165888K, used 136850K [0x00000000c0000000, 0x00000000ca200000, 0x00000000eab00000)
  object space 165888K, 82% used [0x00000000c0000000,0x00000000c85a48b0,0x00000000ca200000)
 Metaspace       used 83560K, committed 84608K, reserved 1130496K
  class space    used 8231K, committed 8704K, reserved 1048576K
GC Heap History (20 events):
Event: 7391.774 GC heap before
{Heap before GC invocations=1125 (full 58):
 PSYoungGen      total 32256K, used 32K [0x00000000eab00000, 0x00000000ecb80000, 0x0000000100000000)
  eden space 31232K, 0% used [0x00000000eab00000,0x00000000eab00000,0x00000000ec980000)
  from space 1024K, 3% used [0x00000000ec980000,0x00000000ec988000,0x00000000eca80000)
  to   space 512K, 0% used [0x00000000ecb00000,0x00000000ecb00000,0x00000000ecb80000)
 ParOldGen       total 143360K, used 125086K [0x00000000c0000000, 0x00000000c8c00000, 0x00000000eab00000)
  object space 143360K, 87% used [0x00000000c0000000,0x00000000c7a27958,0x00000000c8c00000)
 Metaspace       used 82639K, committed 83840K, reserved 1130496K
  class space    used 8096K, committed 8576K, reserved 1048576K
}
Event: 7391.848 GC heap after
{Heap after GC invocations=1125 (full 58):
 PSYoungGen      total 32768K, used 0K [0x00000000eab00000, 0x00000000ecf80000, 0x0000000100000000)
  eden space 32256K, 0% used [0x00000000eab00000,0x00000000eab00000,0x00000000eca80000)
  from space 512K, 0% used [0x00000000ecb00000,0x00000000ecb00000,0x00000000ecb80000)
  to   space 512K, 0% used [0x00000000eca80000,0x00000000eca80000,0x00000000ecb00000)
 ParOldGen       total 165888K, used 104824K [0x00000000c0000000, 0x00000000ca200000, 0x00000000eab00000)
  object space 165888K, 63% used [0x00000000c0000000,0x00000000c665e158,0x00000000ca200000)
 Metaspace       used 82639K, committed 83840K, reserved 1130496K
  class space    used 8096K, committed 8576K, reserved 1048576K
}
Event: 7392.060 GC heap before
{Heap before GC invocations=1126 (full 58):
 PSYoungGen      total 32768K, used 32256K [0x00000000eab00000, 0x00000000ecf80000, 0x0000000100000000)
  eden space 32256K, 100% used [0x00000000eab00000,0x00000000eca80000,0x00000000eca80000)
  from space 512K, 0% used [0x00000000ecb00000,0x00000000ecb00000,0x00000000ecb80000)
  to   space 512K, 0% used [0x00000000eca80000,0x00000000eca80000,0x00000000ecb00000)
 ParOldGen       total 165888K, used 104824K [0x00000000c0000000, 0x00000000ca200000, 0x00000000eab00000)
  object space 165888K, 63% used [0x00000000c0000000,0x00000000c665e158,0x00000000ca200000)
 Metaspace       used 82644K, committed 83840K, reserved 1130496K
  class space    used 8096K, committed 8576K, reserved 1048576K
}
Event: 7392.064 GC heap after
{Heap after GC invocations=1126 (full 58):
 PSYoungGen      total 32768K, used 512K [0x00000000eab00000, 0x00000000eef00000, 0x0000000100000000)
  eden space 32256K, 0% used [0x00000000eab00000,0x00000000eab00000,0x00000000eca80000)
  from space 512K, 100% used [0x00000000eca80000,0x00000000ecb00000,0x00000000ecb00000)
  to   space 16384K, 0% used [0x00000000edf00000,0x00000000edf00000,0x00000000eef00000)
 ParOldGen       total 165888K, used 118175K [0x00000000c0000000, 0x00000000ca200000, 0x00000000eab00000)
  object space 165888K, 71% used [0x00000000c0000000,0x00000000c7367db8,0x00000000ca200000)
 Metaspace       used 82644K, committed 83840K, reserved 1130496K
  class space    used 8096K, committed 8576K, reserved 1048576K
}
Event: 7392.132 GC heap before
{Heap before GC invocations=1127 (full 58):
 PSYoungGen      total 32768K, used 32768K [0x00000000eab00000, 0x00000000eef00000, 0x0000000100000000)
  eden space 32256K, 100% used [0x00000000eab00000,0x00000000eca80000,0x00000000eca80000)
  from space 512K, 100% used [0x00000000eca80000,0x00000000ecb00000,0x00000000ecb00000)
  to   space 16384K, 0% used [0x00000000edf00000,0x00000000edf00000,0x00000000eef00000)
 ParOldGen       total 165888K, used 118175K [0x00000000c0000000, 0x00000000ca200000, 0x00000000eab00000)
  object space 165888K, 71% used [0x00000000c0000000,0x00000000c7367db8,0x00000000ca200000)
 Metaspace       used 82644K, committed 83840K, reserved 1130496K
  class space    used 8096K, committed 8576K, reserved 1048576K
}
Event: 7392.134 GC heap after
{Heap after GC invocations=1127 (full 58):
 PSYoungGen      total 37888K, used 1195K [0x00000000eab00000, 0x00000000ee080000, 0x0000000100000000)
  eden space 36352K, 0% used [0x00000000eab00000,0x00000000eab00000,0x00000000ece80000)
  from space 1536K, 77% used [0x00000000edf00000,0x00000000ee02ae10,0x00000000ee080000)
  to   space 6144K, 0% used [0x00000000ed480000,0x00000000ed480000,0x00000000eda80000)
 ParOldGen       total 165888K, used 118707K [0x00000000c0000000, 0x00000000ca200000, 0x00000000eab00000)
  object space 165888K, 71% used [0x00000000c0000000,0x00000000c73ecdf8,0x00000000ca200000)
 Metaspace       used 82644K, committed 83840K, reserved 1130496K
  class space    used 8096K, committed 8576K, reserved 1048576K
}
Event: 7392.156 GC heap before
{Heap before GC invocations=1128 (full 58):
 PSYoungGen      total 37888K, used 37547K [0x00000000eab00000, 0x00000000ee080000, 0x0000000100000000)
  eden space 36352K, 100% used [0x00000000eab00000,0x00000000ece80000,0x00000000ece80000)
  from space 1536K, 77% used [0x00000000edf00000,0x00000000ee02ae10,0x00000000ee080000)
  to   space 6144K, 0% used [0x00000000ed480000,0x00000000ed480000,0x00000000eda80000)
 ParOldGen       total 165888K, used 118707K [0x00000000c0000000, 0x00000000ca200000, 0x00000000eab00000)
  object space 165888K, 71% used [0x00000000c0000000,0x00000000c73ecdf8,0x00000000ca200000)
 Metaspace       used 82644K, committed 83840K, reserved 1130496K
  class space    used 8096K, committed 8576K, reserved 1048576K
}
Event: 7392.158 GC heap after
{Heap after GC invocations=1128 (full 58):
 PSYoungGen      total 47104K, used 1216K [0x00000000eab00000, 0x00000000edf80000, 0x0000000100000000)
  eden space 40960K, 0% used [0x00000000eab00000,0x00000000eab00000,0x00000000ed300000)
  from space 6144K, 19% used [0x00000000ed480000,0x00000000ed5b0040,0x00000000eda80000)
  to   space 2048K, 0% used [0x00000000edd80000,0x00000000edd80000,0x00000000edf80000)
 ParOldGen       total 165888K, used 119703K [0x00000000c0000000, 0x00000000ca200000, 0x00000000eab00000)
  object space 165888K, 72% used [0x00000000c0000000,0x00000000c74e5ce8,0x00000000ca200000)
 Metaspace       used 82644K, committed 83840K, reserved 1130496K
  class space    used 8096K, committed 8576K, reserved 1048576K
}
Event: 7392.187 GC heap before
{Heap before GC invocations=1129 (full 58):
 PSYoungGen      total 47104K, used 42176K [0x00000000eab00000, 0x00000000edf80000, 0x0000000100000000)
  eden space 40960K, 100% used [0x00000000eab00000,0x00000000ed300000,0x00000000ed300000)
  from space 6144K, 19% used [0x00000000ed480000,0x00000000ed5b0040,0x00000000eda80000)
  to   space 2048K, 0% used [0x00000000edd80000,0x00000000edd80000,0x00000000edf80000)
 ParOldGen       total 165888K, used 119703K [0x00000000c0000000, 0x00000000ca200000, 0x00000000eab00000)
  object space 165888K, 72% used [0x00000000c0000000,0x00000000c74e5ce8,0x00000000ca200000)
 Metaspace       used 82644K, committed 83840K, reserved 1130496K
  class space    used 8096K, committed 8576K, reserved 1048576K
}
Event: 7392.189 GC heap after
{Heap after GC invocations=1129 (full 58):
 PSYoungGen      total 41984K, used 2037K [0x00000000eab00000, 0x00000000edf80000, 0x0000000100000000)
  eden space 39936K, 0% used [0x00000000eab00000,0x00000000eab00000,0x00000000ed200000)
  from space 2048K, 99% used [0x00000000edd80000,0x00000000edf7d720,0x00000000edf80000)
  to   space 4096K, 0% used [0x00000000ed780000,0x00000000ed780000,0x00000000edb80000)
 ParOldGen       total 165888K, used 121023K [0x00000000c0000000, 0x00000000ca200000, 0x00000000eab00000)
  object space 165888K, 72% used [0x00000000c0000000,0x00000000c762fd48,0x00000000ca200000)
 Metaspace       used 82644K, committed 83840K, reserved 1130496K
  class space    used 8096K, committed 8576K, reserved 1048576K
}
Event: 7392.222 GC heap before
{Heap before GC invocations=1130 (full 58):
 PSYoungGen      total 41984K, used 41973K [0x00000000eab00000, 0x00000000edf80000, 0x0000000100000000)
  eden space 39936K, 100% used [0x00000000eab00000,0x00000000ed200000,0x00000000ed200000)
  from space 2048K, 99% used [0x00000000edd80000,0x00000000edf7d720,0x00000000edf80000)
  to   space 4096K, 0% used [0x00000000ed780000,0x00000000ed780000,0x00000000edb80000)
 ParOldGen       total 165888K, used 121023K [0x00000000c0000000, 0x00000000ca200000, 0x00000000eab00000)
  object space 165888K, 72% used [0x00000000c0000000,0x00000000c762fd48,0x00000000ca200000)
 Metaspace       used 82644K, committed 83840K, reserved 1130496K
  class space    used 8096K, committed 8576K, reserved 1048576K
}
Event: 7392.224 GC heap after
{Heap after GC invocations=1130 (full 58):
 PSYoungGen      total 41984K, used 2298K [0x00000000eab00000, 0x00000000ede00000, 0x0000000100000000)
  eden space 39424K, 0% used [0x00000000eab00000,0x00000000eab00000,0x00000000ed180000)
  from space 2560K, 89% used [0x00000000ed780000,0x00000000ed9be920,0x00000000eda00000)
  to   space 3072K, 0% used [0x00000000edb00000,0x00000000edb00000,0x00000000ede00000)
 ParOldGen       total 165888K, used 123076K [0x00000000c0000000, 0x00000000ca200000, 0x00000000eab00000)
  object space 165888K, 74% used [0x00000000c0000000,0x00000000c78313f8,0x00000000ca200000)
 Metaspace       used 82644K, committed 83840K, reserved 1130496K
  class space    used 8096K, committed 8576K, reserved 1048576K
}
Event: 7392.250 GC heap before
{Heap before GC invocations=1131 (full 58):
 PSYoungGen      total 41984K, used 41722K [0x00000000eab00000, 0x00000000ede00000, 0x0000000100000000)
  eden space 39424K, 100% used [0x00000000eab00000,0x00000000ed180000,0x00000000ed180000)
  from space 2560K, 89% used [0x00000000ed780000,0x00000000ed9be920,0x00000000eda00000)
  to   space 3072K, 0% used [0x00000000edb00000,0x00000000edb00000,0x00000000ede00000)
 ParOldGen       total 165888K, used 123076K [0x00000000c0000000, 0x00000000ca200000, 0x00000000eab00000)
  object space 165888K, 74% used [0x00000000c0000000,0x00000000c78313f8,0x00000000ca200000)
 Metaspace       used 82644K, committed 83840K, reserved 1130496K
  class space    used 8096K, committed 8576K, reserved 1048576K
}
Event: 7392.252 GC heap after
{Heap after GC invocations=1131 (full 58):
 PSYoungGen      total 40448K, used 1312K [0x00000000eab00000, 0x00000000edc80000, 0x0000000100000000)
  eden space 38912K, 0% used [0x00000000eab00000,0x00000000eab00000,0x00000000ed100000)
  from space 1536K, 85% used [0x00000000edb00000,0x00000000edc48040,0x00000000edc80000)
  to   space 2048K, 0% used [0x00000000ed880000,0x00000000ed880000,0x00000000eda80000)
 ParOldGen       total 165888K, used 125286K [0x00000000c0000000, 0x00000000ca200000, 0x00000000eab00000)
  object space 165888K, 75% used [0x00000000c0000000,0x00000000c7a59a98,0x00000000ca200000)
 Metaspace       used 82644K, committed 83840K, reserved 1130496K
  class space    used 8096K, committed 8576K, reserved 1048576K
}
Event: 7395.889 GC heap before
{Heap before GC invocations=1132 (full 58):
 PSYoungGen      total 40448K, used 40224K [0x00000000eab00000, 0x00000000edc80000, 0x0000000100000000)
  eden space 38912K, 100% used [0x00000000eab00000,0x00000000ed100000,0x00000000ed100000)
  from space 1536K, 85% used [0x00000000edb00000,0x00000000edc48040,0x00000000edc80000)
  to   space 2048K, 0% used [0x00000000ed880000,0x00000000ed880000,0x00000000eda80000)
 ParOldGen       total 165888K, used 125286K [0x00000000c0000000, 0x00000000ca200000, 0x00000000eab00000)
  object space 165888K, 75% used [0x00000000c0000000,0x00000000c7a59a98,0x00000000ca200000)
 Metaspace       used 83410K, committed 84416K, reserved 1130496K
  class space    used 8211K, committed 8640K, reserved 1048576K
}
Event: 7395.892 GC heap after
{Heap after GC invocations=1132 (full 58):
 PSYoungGen      total 40448K, used 2022K [0x00000000eab00000, 0x00000000eed80000, 0x0000000100000000)
  eden space 38400K, 0% used [0x00000000eab00000,0x00000000eab00000,0x00000000ed080000)
  from space 2048K, 98% used [0x00000000ed880000,0x00000000eda79830,0x00000000eda80000)
  to   space 14848K, 0% used [0x00000000edf00000,0x00000000edf00000,0x00000000eed80000)
 ParOldGen       total 165888K, used 135922K [0x00000000c0000000, 0x00000000ca200000, 0x00000000eab00000)
  object space 165888K, 81% used [0x00000000c0000000,0x00000000c84bcb20,0x00000000ca200000)
 Metaspace       used 83410K, committed 84416K, reserved 1130496K
  class space    used 8211K, committed 8640K, reserved 1048576K
}
Event: 7727.745 GC heap before
{Heap before GC invocations=1133 (full 58):
 PSYoungGen      total 40448K, used 40422K [0x00000000eab00000, 0x00000000eed80000, 0x0000000100000000)
  eden space 38400K, 100% used [0x00000000eab00000,0x00000000ed080000,0x00000000ed080000)
  from space 2048K, 98% used [0x00000000ed880000,0x00000000eda79830,0x00000000eda80000)
  to   space 14848K, 0% used [0x00000000edf00000,0x00000000edf00000,0x00000000eed80000)
 ParOldGen       total 165888K, used 135922K [0x00000000c0000000, 0x00000000ca200000, 0x00000000eab00000)
  object space 165888K, 81% used [0x00000000c0000000,0x00000000c84bcb20,0x00000000ca200000)
 Metaspace       used 83535K, committed 84608K, reserved 1130496K
  class space    used 8228K, committed 8704K, reserved 1048576K
}
Event: 7727.748 GC heap after
{Heap after GC invocations=1133 (full 58):
 PSYoungGen      total 39424K, used 1086K [0x00000000eab00000, 0x00000000ee080000, 0x0000000100000000)
  eden space 37888K, 0% used [0x00000000eab00000,0x00000000eab00000,0x00000000ed000000)
  from space 1536K, 70% used [0x00000000edf00000,0x00000000ee00fb10,0x00000000ee080000)
  to   space 5632K, 0% used [0x00000000ed580000,0x00000000ed580000,0x00000000edb00000)
 ParOldGen       total 165888K, used 136850K [0x00000000c0000000, 0x00000000ca200000, 0x00000000eab00000)
  object space 165888K, 82% used [0x00000000c0000000,0x00000000c85a48b0,0x00000000ca200000)
 Metaspace       used 83535K, committed 84608K, reserved 1130496K
  class space    used 8228K, committed 8704K, reserved 1048576K
}
Event: 7731.473 GC heap before
{Heap before GC invocations=1134 (full 58):
 PSYoungGen      total 39424K, used 38974K [0x00000000eab00000, 0x00000000ee080000, 0x0000000100000000)
  eden space 37888K, 100% used [0x00000000eab00000,0x00000000ed000000,0x00000000ed000000)
  from space 1536K, 70% used [0x00000000edf00000,0x00000000ee00fb10,0x00000000ee080000)
  to   space 5632K, 0% used [0x00000000ed580000,0x00000000ed580000,0x00000000edb00000)
 ParOldGen       total 165888K, used 136850K [0x00000000c0000000, 0x00000000ca200000, 0x00000000eab00000)
  object space 165888K, 82% used [0x00000000c0000000,0x00000000c85a48b0,0x00000000ca200000)
 Metaspace       used 83560K, committed 84608K, reserved 1130496K
  class space    used 8231K, committed 8704K, reserved 1048576K
}
Event: 7731.475 GC heap after
{Heap after GC invocations=1134 (full 58):
 PSYoungGen      total 43008K, used 1753K [0x00000000eab00000, 0x00000000edf80000, 0x0000000100000000)
  eden space 37376K, 0% used [0x00000000eab00000,0x00000000eab00000,0x00000000ecf80000)
  from space 5632K, 31% used [0x00000000ed580000,0x00000000ed736410,0x00000000edb00000)
  to   space 2560K, 0% used [0x00000000edd00000,0x00000000edd00000,0x00000000edf80000)
 ParOldGen       total 165888K, used 136850K [0x00000000c0000000, 0x00000000ca200000, 0x00000000eab00000)
  object space 165888K, 82% used [0x00000000c0000000,0x00000000c85a48b0,0x00000000ca200000)
 Metaspace       used 83560K, committed 84608K, reserved 1130496K
  class space    used 8231K, committed 8704K, reserved 1048576K
}

